Build started 11/25/2011 2:24:45 PM.
     1>Project "C:\Users\Pjata\Documents\Visual Studio 2010\Projects\__Lancolt_tetrishooter\__TetriShooter\__TetriShooter.vcxproj" on node 2 (build target(s)).
     1>InitializeBuildStatus:
         Creating "Debug\__TetriShooter.unsuccessfulbuild" because "AlwaysCreate" was specified.
       ClCompile:
         c:\Program Files (x86)\Microsoft Visual Studio 10.0\VC\bin\CL.exe /c /Zi /nologo /W3 /WX- /Od /Oy- /D _MBCS /Gm /EHsc /RTC1 /MDd /GS /fp:precise /Zc:wchar_t /Zc:forScope /Fo"Debug\\" /Fd"Debug\vc100.pdb" /Gd /TC /analyze- /errorReport:prompt _Game.c
         _Game.c
     1>_Game.c(481): warning C4996: 'fopen': This function or variable may be unsafe. Consider using fopen_s instead. To disable deprecation, use _CRT_SECURE_NO_WARNINGS. See online help for details.
                 c:\Program Files (x86)\Microsoft Visual Studio 10.0\VC\include\stdio.h(234) : see declaration of 'fopen'
     1>_Game.c(488): warning C4996: 'fscanf': This function or variable may be unsafe. Consider using fscanf_s instead. To disable deprecation, use _CRT_SECURE_NO_WARNINGS. See online help for details.
                 c:\Program Files (x86)\Microsoft Visual Studio 10.0\VC\include\stdio.h(253) : see declaration of 'fscanf'
     1>_Game.c(493): warning C4996: 'strcpy': This function or variable may be unsafe. Consider using strcpy_s instead. To disable deprecation, use _CRT_SECURE_NO_WARNINGS. See online help for details.
                 c:\Program Files (x86)\Microsoft Visual Studio 10.0\VC\include\string.h(105) : see declaration of 'strcpy'
     1>_Game.c(493): warning C4996: 'strtok': This function or variable may be unsafe. Consider using strtok_s instead. To disable deprecation, use _CRT_SECURE_NO_WARNINGS. See online help for details.
                 c:\Program Files (x86)\Microsoft Visual Studio 10.0\VC\include\string.h(197) : see declaration of 'strtok'
     1>_Game.c(497): warning C4996: 'strtok': This function or variable may be unsafe. Consider using strtok_s instead. To disable deprecation, use _CRT_SECURE_NO_WARNINGS. See online help for details.
                 c:\Program Files (x86)\Microsoft Visual Studio 10.0\VC\include\string.h(197) : see declaration of 'strtok'
     1>_Game.c(500): warning C4996: 'strcat': This function or variable may be unsafe. Consider using strcat_s instead. To disable deprecation, use _CRT_SECURE_NO_WARNINGS. See online help for details.
                 c:\Program Files (x86)\Microsoft Visual Studio 10.0\VC\include\string.h(110) : see declaration of 'strcat'
     1>_Game.c(502): warning C4996: 'strcat': This function or variable may be unsafe. Consider using strcat_s instead. To disable deprecation, use _CRT_SECURE_NO_WARNINGS. See online help for details.
                 c:\Program Files (x86)\Microsoft Visual Studio 10.0\VC\include\string.h(110) : see declaration of 'strcat'
     1>_Game.c(504): warning C4996: 'strtok': This function or variable may be unsafe. Consider using strtok_s instead. To disable deprecation, use _CRT_SECURE_NO_WARNINGS. See online help for details.
                 c:\Program Files (x86)\Microsoft Visual Studio 10.0\VC\include\string.h(197) : see declaration of 'strtok'
     1>_Game.c(506): warning C4996: 'strcat': This function or variable may be unsafe. Consider using strcat_s instead. To disable deprecation, use _CRT_SECURE_NO_WARNINGS. See online help for details.
                 c:\Program Files (x86)\Microsoft Visual Studio 10.0\VC\include\string.h(110) : see declaration of 'strcat'
     1>_Game.c(507): warning C4996: 'strcat': This function or variable may be unsafe. Consider using strcat_s instead. To disable deprecation, use _CRT_SECURE_NO_WARNINGS. See online help for details.
                 c:\Program Files (x86)\Microsoft Visual Studio 10.0\VC\include\string.h(110) : see declaration of 'strcat'
     1>_Game.c(508): warning C4996: 'strcat': This function or variable may be unsafe. Consider using strcat_s instead. To disable deprecation, use _CRT_SECURE_NO_WARNINGS. See online help for details.
                 c:\Program Files (x86)\Microsoft Visual Studio 10.0\VC\include\string.h(110) : see declaration of 'strcat'
     1>_Game.c(509): warning C4996: 'strcpy': This function or variable may be unsafe. Consider using strcpy_s instead. To disable deprecation, use _CRT_SECURE_NO_WARNINGS. See online help for details.
                 c:\Program Files (x86)\Microsoft Visual Studio 10.0\VC\include\string.h(105) : see declaration of 'strcpy'
     1>_Game.c(515): warning C4996: 'strtok': This function or variable may be unsafe. Consider using strtok_s instead. To disable deprecation, use _CRT_SECURE_NO_WARNINGS. See online help for details.
                 c:\Program Files (x86)\Microsoft Visual Studio 10.0\VC\include\string.h(197) : see declaration of 'strtok'
     1>_Game.c(518): warning C4996: 'strcat': This function or variable may be unsafe. Consider using strcat_s instead. To disable deprecation, use _CRT_SECURE_NO_WARNINGS. See online help for details.
                 c:\Program Files (x86)\Microsoft Visual Studio 10.0\VC\include\string.h(110) : see declaration of 'strcat'
     1>_Game.c(519): warning C4996: 'strcat': This function or variable may be unsafe. Consider using strcat_s instead. To disable deprecation, use _CRT_SECURE_NO_WARNINGS. See online help for details.
                 c:\Program Files (x86)\Microsoft Visual Studio 10.0\VC\include\string.h(110) : see declaration of 'strcat'
     1>_Game.c(520): warning C4996: 'strcat': This function or variable may be unsafe. Consider using strcat_s instead. To disable deprecation, use _CRT_SECURE_NO_WARNINGS. See online help for details.
                 c:\Program Files (x86)\Microsoft Visual Studio 10.0\VC\include\string.h(110) : see declaration of 'strcat'
     1>_Game.c(529): warning C4996: 'strtok': This function or variable may be unsafe. Consider using strtok_s instead. To disable deprecation, use _CRT_SECURE_NO_WARNINGS. See online help for details.
                 c:\Program Files (x86)\Microsoft Visual Studio 10.0\VC\include\string.h(197) : see declaration of 'strtok'
     1>_Game.c(532): warning C4996: 'strcat': This function or variable may be unsafe. Consider using strcat_s instead. To disable deprecation, use _CRT_SECURE_NO_WARNINGS. See online help for details.
                 c:\Program Files (x86)\Microsoft Visual Studio 10.0\VC\include\string.h(110) : see declaration of 'strcat'
     1>_Game.c(533): warning C4996: 'strcat': This function or variable may be unsafe. Consider using strcat_s instead. To disable deprecation, use _CRT_SECURE_NO_WARNINGS. See online help for details.
                 c:\Program Files (x86)\Microsoft Visual Studio 10.0\VC\include\string.h(110) : see declaration of 'strcat'
     1>_Game.c(534): warning C4996: 'strcat': This function or variable may be unsafe. Consider using strcat_s instead. To disable deprecation, use _CRT_SECURE_NO_WARNINGS. See online help for details.
                 c:\Program Files (x86)\Microsoft Visual Studio 10.0\VC\include\string.h(110) : see declaration of 'strcat'
     1>_Game.c(535): warning C4996: 'strcpy': This function or variable may be unsafe. Consider using strcpy_s instead. To disable deprecation, use _CRT_SECURE_NO_WARNINGS. See online help for details.
                 c:\Program Files (x86)\Microsoft Visual Studio 10.0\VC\include\string.h(105) : see declaration of 'strcpy'
     1>_Game.c(543): warning C4996: 'strtok': This function or variable may be unsafe. Consider using strtok_s instead. To disable deprecation, use _CRT_SECURE_NO_WARNINGS. See online help for details.
                 c:\Program Files (x86)\Microsoft Visual Studio 10.0\VC\include\string.h(197) : see declaration of 'strtok'
     1>_Game.c(546): warning C4996: 'strcat': This function or variable may be unsafe. Consider using strcat_s instead. To disable deprecation, use _CRT_SECURE_NO_WARNINGS. See online help for details.
                 c:\Program Files (x86)\Microsoft Visual Studio 10.0\VC\include\string.h(110) : see declaration of 'strcat'
     1>_Game.c(547): warning C4996: 'strcat': This function or variable may be unsafe. Consider using strcat_s instead. To disable deprecation, use _CRT_SECURE_NO_WARNINGS. See online help for details.
                 c:\Program Files (x86)\Microsoft Visual Studio 10.0\VC\include\string.h(110) : see declaration of 'strcat'
     1>_Game.c(548): warning C4996: 'strcat': This function or variable may be unsafe. Consider using strcat_s instead. To disable deprecation, use _CRT_SECURE_NO_WARNINGS. See online help for details.
                 c:\Program Files (x86)\Microsoft Visual Studio 10.0\VC\include\string.h(110) : see declaration of 'strcat'
     1>_Game.c(549): warning C4996: 'strcpy': This function or variable may be unsafe. Consider using strcpy_s instead. To disable deprecation, use _CRT_SECURE_NO_WARNINGS. See online help for details.
                 c:\Program Files (x86)\Microsoft Visual Studio 10.0\VC\include\string.h(105) : see declaration of 'strcpy'
     1>_Game.c(555): warning C4996: 'strtok': This function or variable may be unsafe. Consider using strtok_s instead. To disable deprecation, use _CRT_SECURE_NO_WARNINGS. See online help for details.
                 c:\Program Files (x86)\Microsoft Visual Studio 10.0\VC\include\string.h(197) : see declaration of 'strtok'
     1>_Game.c(558): warning C4996: 'strcat': This function or variable may be unsafe. Consider using strcat_s instead. To disable deprecation, use _CRT_SECURE_NO_WARNINGS. See online help for details.
                 c:\Program Files (x86)\Microsoft Visual Studio 10.0\VC\include\string.h(110) : see declaration of 'strcat'
     1>_Game.c(560): warning C4996: 'strcat': This function or variable may be unsafe. Consider using strcat_s instead. To disable deprecation, use _CRT_SECURE_NO_WARNINGS. See online help for details.
                 c:\Program Files (x86)\Microsoft Visual Studio 10.0\VC\include\string.h(110) : see declaration of 'strcat'
     1>_Game.c(569): warning C4996: 'strtok': This function or variable may be unsafe. Consider using strtok_s instead. To disable deprecation, use _CRT_SECURE_NO_WARNINGS. See online help for details.
                 c:\Program Files (x86)\Microsoft Visual Studio 10.0\VC\include\string.h(197) : see declaration of 'strtok'
     1>_Game.c(573): warning C4996: 'strcat': This function or variable may be unsafe. Consider using strcat_s instead. To disable deprecation, use _CRT_SECURE_NO_WARNINGS. See online help for details.
                 c:\Program Files (x86)\Microsoft Visual Studio 10.0\VC\include\string.h(110) : see declaration of 'strcat'
     1>_Game.c(575): warning C4996: 'strcat': This function or variable may be unsafe. Consider using strcat_s instead. To disable deprecation, use _CRT_SECURE_NO_WARNINGS. See online help for details.
                 c:\Program Files (x86)\Microsoft Visual Studio 10.0\VC\include\string.h(110) : see declaration of 'strcat'
     1>_Game.c(577): warning C4996: 'strtok': This function or variable may be unsafe. Consider using strtok_s instead. To disable deprecation, use _CRT_SECURE_NO_WARNINGS. See online help for details.
                 c:\Program Files (x86)\Microsoft Visual Studio 10.0\VC\include\string.h(197) : see declaration of 'strtok'
     1>_Game.c(579): warning C4996: 'strcat': This function or variable may be unsafe. Consider using strcat_s instead. To disable deprecation, use _CRT_SECURE_NO_WARNINGS. See online help for details.
                 c:\Program Files (x86)\Microsoft Visual Studio 10.0\VC\include\string.h(110) : see declaration of 'strcat'
     1>_Game.c(580): warning C4996: 'strcat': This function or variable may be unsafe. Consider using strcat_s instead. To disable deprecation, use _CRT_SECURE_NO_WARNINGS. See online help for details.
                 c:\Program Files (x86)\Microsoft Visual Studio 10.0\VC\include\string.h(110) : see declaration of 'strcat'
     1>_Game.c(581): warning C4996: 'strcat': This function or variable may be unsafe. Consider using strcat_s instead. To disable deprecation, use _CRT_SECURE_NO_WARNINGS. See online help for details.
                 c:\Program Files (x86)\Microsoft Visual Studio 10.0\VC\include\string.h(110) : see declaration of 'strcat'
     1>_Game.c(585): warning C4996: 'strcpy': This function or variable may be unsafe. Consider using strcpy_s instead. To disable deprecation, use _CRT_SECURE_NO_WARNINGS. See online help for details.
                 c:\Program Files (x86)\Microsoft Visual Studio 10.0\VC\include\string.h(105) : see declaration of 'strcpy'
     1>_Game.c(592): warning C4996: 'strcat': This function or variable may be unsafe. Consider using strcat_s instead. To disable deprecation, use _CRT_SECURE_NO_WARNINGS. See online help for details.
                 c:\Program Files (x86)\Microsoft Visual Studio 10.0\VC\include\string.h(110) : see declaration of 'strcat'
     1>_Game.c(599): warning C4996: 'strcat': This function or variable may be unsafe. Consider using strcat_s instead. To disable deprecation, use _CRT_SECURE_NO_WARNINGS. See online help for details.
                 c:\Program Files (x86)\Microsoft Visual Studio 10.0\VC\include\string.h(110) : see declaration of 'strcat'
     1>c:\users\pjata\documents\visual studio 2010\projects\__lancolt_tetrishooter\__tetrishooter\_game.c(455): warning C4716: '_GameLoop' : must return a value
       Link:
         c:\Program Files (x86)\Microsoft Visual Studio 10.0\VC\bin\link.exe /ERRORREPORT:PROMPT /OUT:"C:\Users\Pjata\Documents\Visual Studio 2010\Projects\__Lancolt_tetrishooter\Debug\__TetriShooter.exe" /NOLOGO "allegro-5.0.1-monolith-md-debug.lib" kernel32.lib user32.lib gdi32.lib winspool.lib comdlg32.lib advapi32.lib shell32.lib ole32.lib oleaut32.lib uuid.lib odbc32.lib odbccp32.lib kernel32.lib user32.lib gdi32.lib winspool.lib comdlg32.lib advapi32.lib shell32.lib ole32.lib oleaut32.lib uuid.lib odbc32.lib odbccp32.lib /MANIFEST /ManifestFile:"Debug\__TetriShooter.exe.intermediate.manifest" /MANIFESTUAC:"level='asInvoker' uiAccess='false'" /DEBUG /PDB:"C:\Users\Pjata\Documents\Visual Studio 2010\Projects\__Lancolt_tetrishooter\Debug\__TetriShooter.pdb" /TLBID:1 /DYNAMICBASE /NXCOMPAT /IMPLIB:"C:\Users\Pjata\Documents\Visual Studio 2010\Projects\__Lancolt_tetrishooter\Debug\__TetriShooter.lib" /MACHINE:X86 Debug\main.obj
         Debug\_DeadAnim.obj
         Debug\_Enemy.obj
         Debug\_Menu.obj
         Debug\_Player.obj
         Debug\_Projectile.obj
         Debug\_Resource.obj
         Debug\_Game.obj
         Debug\_Surprise.obj
         LINK : C:\Users\Pjata\Documents\Visual Studio 2010\Projects\__Lancolt_tetrishooter\Debug\__TetriShooter.exe not found or not built by the last incremental link; performing full link
         __TetriShooter.vcxproj -> C:\Users\Pjata\Documents\Visual Studio 2010\Projects\__Lancolt_tetrishooter\Debug\__TetriShooter.exe
       Manifest:
         C:\Program Files (x86)\Microsoft SDKs\Windows\v7.0A\bin\mt.exe /nologo /verbose /outputresource:"C:\Users\Pjata\Documents\Visual Studio 2010\Projects\__Lancolt_tetrishooter\Debug\__TetriShooter.exe;#1" /manifest Debug\__TetriShooter.exe.intermediate.manifest
       FinalizeBuildStatus:
         Deleting file "Debug\__TetriShooter.unsuccessfulbuild".
         Touching "Debug\__TetriShooter.lastbuildstate".
     1>Done Building Project "C:\Users\Pjata\Documents\Visual Studio 2010\Projects\__Lancolt_tetrishooter\__TetriShooter\__TetriShooter.vcxproj" (build target(s)).

Build succeeded.

Time Elapsed 00:00:01.00
