C:\USERS\PJATA\DOCUMENTS\VISUAL STUDIO 2010\PROJECTS\__LANCOLT_TETRISHOOTER\__TETRISHOOTER\DEBUG\__TETRISHOOTER.EXE.INTERMEDIATE.MANIFEST
C:\Users\Pjata\Documents\Visual Studio 2010\Projects\__Lancolt_tetrishooter\__TetriShooter\Debug\__TetriShooter.write.1.tlog
C:\USERS\PJATA\DOCUMENTS\VISUAL STUDIO 2010\PROJECTS\__LANCOLT_TETRISHOOTER\__TETRISHOOTER\DEBUG\_DEADANIM.OBJ
C:\USERS\PJATA\DOCUMENTS\VISUAL STUDIO 2010\PROJECTS\__LANCOLT_TETRISHOOTER\__TETRISHOOTER\DEBUG\_ENEMY.OBJ
C:\USERS\PJATA\DOCUMENTS\VISUAL STUDIO 2010\PROJECTS\__LANCOLT_TETRISHOOTER\__TETRISHOOTER\DEBUG\_GAME.OBJ
C:\USERS\PJATA\DOCUMENTS\VISUAL STUDIO 2010\PROJECTS\__LANCOLT_TETRISHOOTER\__TETRISHOOTER\DEBUG\_MENU.OBJ
C:\USERS\PJATA\DOCUMENTS\VISUAL STUDIO 2010\PROJECTS\__LANCOLT_TETRISHOOTER\__TETRISHOOTER\DEBUG\_PLAYER.OBJ
C:\USERS\PJATA\DOCUMENTS\VISUAL STUDIO 2010\PROJECTS\__LANCOLT_TETRISHOOTER\__TETRISHOOTER\DEBUG\_PROJECTILE.OBJ
C:\USERS\PJATA\DOCUMENTS\VISUAL STUDIO 2010\PROJECTS\__LANCOLT_TETRISHOOTER\__TETRISHOOTER\DEBUG\_RESOURCE.OBJ
C:\USERS\PJATA\DOCUMENTS\VISUAL STUDIO 2010\PROJECTS\__LANCOLT_TETRISHOOTER\__TETRISHOOTER\DEBUG\_SURPRISE.OBJ
C:\Users\Pjata\Documents\Visual Studio 2010\Projects\__Lancolt_tetrishooter\__TetriShooter\Debug\cl.command.1.tlog
C:\Users\Pjata\Documents\Visual Studio 2010\Projects\__Lancolt_tetrishooter\__TetriShooter\Debug\CL.read.1.tlog
C:\Users\Pjata\Documents\Visual Studio 2010\Projects\__Lancolt_tetrishooter\__TetriShooter\Debug\CL.write.1.tlog
C:\Users\Pjata\Documents\Visual Studio 2010\Projects\__Lancolt_tetrishooter\__TetriShooter\Debug\link.command.1.tlog
C:\Users\Pjata\Documents\Visual Studio 2010\Projects\__Lancolt_tetrishooter\__TetriShooter\Debug\link.read.1.tlog
C:\Users\Pjata\Documents\Visual Studio 2010\Projects\__Lancolt_tetrishooter\__TetriShooter\Debug\link.write.1.tlog
C:\USERS\PJATA\DOCUMENTS\VISUAL STUDIO 2010\PROJECTS\__LANCOLT_TETRISHOOTER\__TETRISHOOTER\DEBUG\MAIN.OBJ
C:\Users\Pjata\Documents\Visual Studio 2010\Projects\__Lancolt_tetrishooter\__TetriShooter\Debug\mt.command.1.tlog
C:\Users\Pjata\Documents\Visual Studio 2010\Projects\__Lancolt_tetrishooter\__TetriShooter\Debug\mt.read.1.tlog
C:\Users\Pjata\Documents\Visual Studio 2010\Projects\__Lancolt_tetrishooter\__TetriShooter\Debug\mt.write.1.tlog
C:\Users\Pjata\Documents\Visual Studio 2010\Projects\__Lancolt_tetrishooter\__TetriShooter\Debug\vc100.idb
C:\USERS\PJATA\DOCUMENTS\VISUAL STUDIO 2010\PROJECTS\__LANCOLT_TETRISHOOTER\__TETRISHOOTER\DEBUG\VC100.PDB
C:\USERS\PJATA\DOCUMENTS\VISUAL STUDIO 2010\PROJECTS\__LANCOLT_TETRISHOOTER\DEBUG\__TETRISHOOTER.EXE
C:\USERS\PJATA\DOCUMENTS\VISUAL STUDIO 2010\PROJECTS\__LANCOLT_TETRISHOOTER\DEBUG\__TETRISHOOTER.ILK
C:\USERS\PJATA\DOCUMENTS\VISUAL STUDIO 2010\PROJECTS\__LANCOLT_TETRISHOOTER\DEBUG\__TETRISHOOTER.PDB
C:\USERS\PJATA\DOCUMENTS\VISUAL STUDIO 2010\PROJECTS\__TETRISHOOTER\__TETRISHOOTER\DEBUG\__TETRISHOOTER.EXE.INTERMEDIATE.MANIFEST
C:\USERS\PJATA\DOCUMENTS\VISUAL STUDIO 2010\PROJECTS\__TETRISHOOTER\__TETRISHOOTER\DEBUG\_DEADANIM.OBJ
C:\USERS\PJATA\DOCUMENTS\VISUAL STUDIO 2010\PROJECTS\__TETRISHOOTER\__TETRISHOOTER\DEBUG\_ENEMY.OBJ
C:\USERS\PJATA\DOCUMENTS\VISUAL STUDIO 2010\PROJECTS\__TETRISHOOTER\__TETRISHOOTER\DEBUG\_GAME.OBJ
C:\USERS\PJATA\DOCUMENTS\VISUAL STUDIO 2010\PROJECTS\__TETRISHOOTER\__TETRISHOOTER\DEBUG\_MENU.OBJ
C:\USERS\PJATA\DOCUMENTS\VISUAL STUDIO 2010\PROJECTS\__TETRISHOOTER\__TETRISHOOTER\DEBUG\_PLAYER.OBJ
C:\USERS\PJATA\DOCUMENTS\VISUAL STUDIO 2010\PROJECTS\__TETRISHOOTER\__TETRISHOOTER\DEBUG\_PROJECTILE.OBJ
C:\USERS\PJATA\DOCUMENTS\VISUAL STUDIO 2010\PROJECTS\__TETRISHOOTER\__TETRISHOOTER\DEBUG\_RESOURCE.OBJ
C:\USERS\PJATA\DOCUMENTS\VISUAL STUDIO 2010\PROJECTS\__TETRISHOOTER\__TETRISHOOTER\DEBUG\_SURPRISE.OBJ
C:\USERS\PJATA\DOCUMENTS\VISUAL STUDIO 2010\PROJECTS\__TETRISHOOTER\__TETRISHOOTER\DEBUG\MAIN.OBJ
C:\USERS\PJATA\DOCUMENTS\VISUAL STUDIO 2010\PROJECTS\__TETRISHOOTER\__TETRISHOOTER\DEBUG\VC100.PDB
C:\USERS\PJATA\DOCUMENTS\VISUAL STUDIO 2010\PROJECTS\__TETRISHOOTER\DEBUG\__TETRISHOOTER.EXE
C:\USERS\PJATA\DOCUMENTS\VISUAL STUDIO 2010\PROJECTS\__TETRISHOOTER\DEBUG\__TETRISHOOTER.ILK
C:\USERS\PJATA\DOCUMENTS\VISUAL STUDIO 2010\PROJECTS\__TETRISHOOTER\DEBUG\__TETRISHOOTER.PDB
