system   W            wsystem.c:550  load_library_at_path             [   0.00110] Failed to load C:\Users\Pjata\Documents\Visual Studio 2010\Projects\__Lancolt_tetrishooter\Debug\d3d9.dll (error: 126)
system   I            wsystem.c:543  load_library_at_path             [   0.02274] Loaded C:\Windows\system32\d3d9.dll
d3d      I         d3d_disp.cpp:879  _al_d3d_init_display             [   0.07406] Render-to-texture: 1
system   I             system.c:268  al_install_system                [   0.07415] Allegro version: 5.0.1
system   W            wsystem.c:550  load_library_at_path             [   0.08040] Failed to load C:\Users\Pjata\Documents\Visual Studio 2010\Projects\__Lancolt_tetrishooter\Debug\dsound.dll (error: 126)
system   I            wsystem.c:543  load_library_at_path             [   0.10850] Loaded C:\Windows\system32\dsound.dll
audio-dsound I           dsound.cpp:217  _dsound_open                     [   0.10860] Starting DirectSound...
audio    I              audio.c:282  do_install_audio                 [   0.19192] Using DirectSound driver
dtor     D               dtor.c:184  _al_register_destructor          [   0.19202] added dtor for object 002C1C08, func 537E272F
dtor     D               dtor.c:184  _al_register_destructor          [   0.19204] added dtor for object 002C65B8, func 537E1C62
dtor     D               dtor.c:184  _al_register_destructor          [   0.19593] added dtor for object 002C6AD0, func 537E2608
audio    D          kcm_mixer.c:122  _al_rechannel_matrix             [   0.19597] sample matrix:
audio    D          kcm_mixer.c:128  _al_rechannel_matrix             [   0.19599] 
audio    D          kcm_mixer.c:128  _al_rechannel_matrix             [   0.19601] 
dtor     D               dtor.c:184  _al_register_destructor          [   0.19604] added dtor for object 002C6840, func 537E2608
audio    D          kcm_mixer.c:122  _al_rechannel_matrix             [   0.19606] sample matrix:
audio    D          kcm_mixer.c:128  _al_rechannel_matrix             [   0.19608] 
audio    D          kcm_mixer.c:128  _al_rechannel_matrix             [   0.19609] 
dtor     D               dtor.c:184  _al_register_destructor          [   0.19614] added dtor for object 002C8F58, func 537E2608
audio    D          kcm_mixer.c:122  _al_rechannel_matrix             [   0.19636] sample matrix:
audio    D          kcm_mixer.c:128  _al_rechannel_matrix             [   0.19639] 
audio    D          kcm_mixer.c:128  _al_rechannel_matrix             [   0.19641] 
dtor     D               dtor.c:184  _al_register_destructor          [   0.19645] added dtor for object 002CD0A8, func 537E26EE
d3d      I         d3d_disp.cpp:1919 d3d_create_display_locked        [   0.19795] faux_fullscreen=0
display  D   display_settings.c:486  _al_score_display_settings       [   0.19952] Score is : 897
display  D   display_settings.c:486  _al_score_display_settings       [   0.19957] Score is : 897
display  D   display_settings.c:486  _al_score_display_settings       [   0.19959] Score is : 897
display  D   display_settings.c:486  _al_score_display_settings       [   0.19961] Score is : 897
display  D   display_settings.c:486  _al_score_display_settings       [   0.19963] Score is : 769
display  D   display_settings.c:486  _al_score_display_settings       [   0.19964] Score is : 737
display  D   display_settings.c:486  _al_score_display_settings       [   0.19965] Score is : 726
display  D   display_settings.c:486  _al_score_display_settings       [   0.19966] Score is : 721
display  D   display_settings.c:486  _al_score_display_settings       [   0.19968] Score is : 717
display  D   display_settings.c:486  _al_score_display_settings       [   0.19970] Score is : 715
display  D   display_settings.c:486  _al_score_display_settings       [   0.19971] Score is : 714
display  D   display_settings.c:486  _al_score_display_settings       [   0.19974] Score is : 713
display  D   display_settings.c:486  _al_score_display_settings       [   0.19977] Score is : 769
display  D   display_settings.c:486  _al_score_display_settings       [   0.19979] Score is : 737
display  D   display_settings.c:486  _al_score_display_settings       [   0.19988] Score is : 726
display  D   display_settings.c:486  _al_score_display_settings       [   0.19990] Score is : 721
display  D   display_settings.c:486  _al_score_display_settings       [   0.19992] Score is : 717
display  D   display_settings.c:486  _al_score_display_settings       [   0.19993] Score is : 715
display  D   display_settings.c:486  _al_score_display_settings       [   0.19995] Score is : 714
display  D   display_settings.c:486  _al_score_display_settings       [   0.19997] Score is : 713
display  D   display_settings.c:486  _al_score_display_settings       [   0.19998] Score is : 769
display  D   display_settings.c:486  _al_score_display_settings       [   0.20000] Score is : 737
display  D   display_settings.c:486  _al_score_display_settings       [   0.20001] Score is : 726
display  D   display_settings.c:486  _al_score_display_settings       [   0.20003] Score is : 721
display  D   display_settings.c:486  _al_score_display_settings       [   0.20004] Score is : 717
display  D   display_settings.c:486  _al_score_display_settings       [   0.20005] Score is : 715
display  D   display_settings.c:486  _al_score_display_settings       [   0.20006] Score is : 714
display  D   display_settings.c:486  _al_score_display_settings       [   0.20007] Score is : 713
display  D   display_settings.c:486  _al_score_display_settings       [   0.20009] Score is : 769
display  D   display_settings.c:486  _al_score_display_settings       [   0.20010] Score is : 737
display  D   display_settings.c:486  _al_score_display_settings       [   0.20011] Score is : 726
display  D   display_settings.c:486  _al_score_display_settings       [   0.20012] Score is : 721
display  D   display_settings.c:486  _al_score_display_settings       [   0.20014] Score is : 717
display  D   display_settings.c:486  _al_score_display_settings       [   0.20015] Score is : 715
display  D   display_settings.c:486  _al_score_display_settings       [   0.20016] Score is : 714
display  D   display_settings.c:486  _al_score_display_settings       [   0.20017] Score is : 713
display  D   display_settings.c:357  _al_score_display_settings       [   0.20019] Single Buffer requirement not met.
display  D   display_settings.c:357  _al_score_display_settings       [   0.20020] Single Buffer requirement not met.
display  D   display_settings.c:357  _al_score_display_settings       [   0.20021] Single Buffer requirement not met.
display  D   display_settings.c:357  _al_score_display_settings       [   0.20022] Single Buffer requirement not met.
display  D   display_settings.c:357  _al_score_display_settings       [   0.20024] Single Buffer requirement not met.
display  D   display_settings.c:357  _al_score_display_settings       [   0.20025] Single Buffer requirement not met.
display  D   display_settings.c:357  _al_score_display_settings       [   0.20026] Single Buffer requirement not met.
display  D   display_settings.c:357  _al_score_display_settings       [   0.20027] Single Buffer requirement not met.
display  D   display_settings.c:357  _al_score_display_settings       [   0.20029] Single Buffer requirement not met.
display  D   display_settings.c:357  _al_score_display_settings       [   0.20030] Single Buffer requirement not met.
display  D   display_settings.c:357  _al_score_display_settings       [   0.20031] Single Buffer requirement not met.
display  D   display_settings.c:357  _al_score_display_settings       [   0.20033] Single Buffer requirement not met.
display  D   display_settings.c:357  _al_score_display_settings       [   0.20034] Single Buffer requirement not met.
display  D   display_settings.c:357  _al_score_display_settings       [   0.20035] Single Buffer requirement not met.
display  D   display_settings.c:357  _al_score_display_settings       [   0.20036] Single Buffer requirement not met.
display  D   display_settings.c:357  _al_score_display_settings       [   0.20038] Single Buffer requirement not met.
display  D   display_settings.c:357  _al_score_display_settings       [   0.20039] Single Buffer requirement not met.
display  D   display_settings.c:357  _al_score_display_settings       [   0.20040] Single Buffer requirement not met.
display  D   display_settings.c:357  _al_score_display_settings       [   0.20042] Single Buffer requirement not met.
display  D   display_settings.c:357  _al_score_display_settings       [   0.20043] Single Buffer requirement not met.
display  D   display_settings.c:357  _al_score_display_settings       [   0.20045] Single Buffer requirement not met.
display  D   display_settings.c:357  _al_score_display_settings       [   0.20047] Single Buffer requirement not met.
display  D   display_settings.c:357  _al_score_display_settings       [   0.20049] Single Buffer requirement not met.
display  D   display_settings.c:357  _al_score_display_settings       [   0.20053] Single Buffer requirement not met.
display  D   display_settings.c:357  _al_score_display_settings       [   0.20055] Single Buffer requirement not met.
display  D   display_settings.c:357  _al_score_display_settings       [   0.20056] Single Buffer requirement not met.
display  D   display_settings.c:357  _al_score_display_settings       [   0.20058] Single Buffer requirement not met.
display  D   display_settings.c:357  _al_score_display_settings       [   0.20060] Single Buffer requirement not met.
display  D   display_settings.c:357  _al_score_display_settings       [   0.20061] Single Buffer requirement not met.
display  D   display_settings.c:357  _al_score_display_settings       [   0.20063] Single Buffer requirement not met.
display  D   display_settings.c:357  _al_score_display_settings       [   0.20065] Single Buffer requirement not met.
display  D   display_settings.c:357  _al_score_display_settings       [   0.20067] Single Buffer requirement not met.
display  D   display_settings.c:357  _al_score_display_settings       [   0.20068] Single Buffer requirement not met.
display  D   display_settings.c:357  _al_score_display_settings       [   0.20070] Single Buffer requirement not met.
display  D   display_settings.c:357  _al_score_display_settings       [   0.20072] Single Buffer requirement not met.
display  D   display_settings.c:357  _al_score_display_settings       [   0.20073] Single Buffer requirement not met.
display  D   display_settings.c:486  _al_score_display_settings       [   0.20075] Score is : 769
display  D   display_settings.c:486  _al_score_display_settings       [   0.20077] Score is : 769
display  D   display_settings.c:486  _al_score_display_settings       [   0.20078] Score is : 769
display  D   display_settings.c:486  _al_score_display_settings       [   0.20080] Score is : 769
display  D   display_settings.c:486  _al_score_display_settings       [   0.20082] Score is : 769
display  D   display_settings.c:486  _al_score_display_settings       [   0.20084] Score is : 641
display  D   display_settings.c:486  _al_score_display_settings       [   0.20085] Score is : 609
display  D   display_settings.c:486  _al_score_display_settings       [   0.20086] Score is : 598
display  D   display_settings.c:486  _al_score_display_settings       [   0.20087] Score is : 593
display  D   display_settings.c:486  _al_score_display_settings       [   0.20088] Score is : 589
display  D   display_settings.c:486  _al_score_display_settings       [   0.20090] Score is : 587
display  D   display_settings.c:486  _al_score_display_settings       [   0.20091] Score is : 586
display  D   display_settings.c:486  _al_score_display_settings       [   0.20092] Score is : 585
display  D   display_settings.c:486  _al_score_display_settings       [   0.20093] Score is : 641
display  D   display_settings.c:486  _al_score_display_settings       [   0.20094] Score is : 609
display  D   display_settings.c:486  _al_score_display_settings       [   0.20096] Score is : 598
display  D   display_settings.c:486  _al_score_display_settings       [   0.20097] Score is : 593
display  D   display_settings.c:486  _al_score_display_settings       [   0.20098] Score is : 589
display  D   display_settings.c:486  _al_score_display_settings       [   0.20099] Score is : 587
display  D   display_settings.c:486  _al_score_display_settings       [   0.20101] Score is : 586
display  D   display_settings.c:486  _al_score_display_settings       [   0.20102] Score is : 585
display  D   display_settings.c:486  _al_score_display_settings       [   0.20103] Score is : 641
display  D   display_settings.c:486  _al_score_display_settings       [   0.20104] Score is : 609
display  D   display_settings.c:486  _al_score_display_settings       [   0.20105] Score is : 598
display  D   display_settings.c:486  _al_score_display_settings       [   0.20107] Score is : 593
display  D   display_settings.c:486  _al_score_display_settings       [   0.20108] Score is : 589
display  D   display_settings.c:486  _al_score_display_settings       [   0.20109] Score is : 587
display  D   display_settings.c:486  _al_score_display_settings       [   0.20110] Score is : 586
display  D   display_settings.c:486  _al_score_display_settings       [   0.20112] Score is : 585
display  D   display_settings.c:486  _al_score_display_settings       [   0.20113] Score is : 641
display  D   display_settings.c:486  _al_score_display_settings       [   0.20114] Score is : 609
display  D   display_settings.c:486  _al_score_display_settings       [   0.20115] Score is : 598
display  D   display_settings.c:486  _al_score_display_settings       [   0.20116] Score is : 593
display  D   display_settings.c:486  _al_score_display_settings       [   0.20118] Score is : 589
display  D   display_settings.c:486  _al_score_display_settings       [   0.20120] Score is : 587
display  D   display_settings.c:486  _al_score_display_settings       [   0.20122] Score is : 586
display  D   display_settings.c:486  _al_score_display_settings       [   0.20123] Score is : 585
display  D   display_settings.c:486  _al_score_display_settings       [   0.20125] Score is : 641
display  D   display_settings.c:486  _al_score_display_settings       [   0.20126] Score is : 609
display  D   display_settings.c:486  _al_score_display_settings       [   0.20128] Score is : 598
display  D   display_settings.c:486  _al_score_display_settings       [   0.20129] Score is : 593
display  D   display_settings.c:486  _al_score_display_settings       [   0.20130] Score is : 589
display  D   display_settings.c:486  _al_score_display_settings       [   0.20131] Score is : 587
display  D   display_settings.c:486  _al_score_display_settings       [   0.20132] Score is : 586
display  D   display_settings.c:486  _al_score_display_settings       [   0.20134] Score is : 585
display  D   display_settings.c:357  _al_score_display_settings       [   0.20135] Single Buffer requirement not met.
display  D   display_settings.c:357  _al_score_display_settings       [   0.20136] Single Buffer requirement not met.
display  D   display_settings.c:357  _al_score_display_settings       [   0.20137] Single Buffer requirement not met.
display  D   display_settings.c:357  _al_score_display_settings       [   0.20138] Single Buffer requirement not met.
display  D   display_settings.c:357  _al_score_display_settings       [   0.20140] Single Buffer requirement not met.
display  D   display_settings.c:357  _al_score_display_settings       [   0.20141] Single Buffer requirement not met.
display  D   display_settings.c:357  _al_score_display_settings       [   0.20142] Single Buffer requirement not met.
display  D   display_settings.c:357  _al_score_display_settings       [   0.20144] Single Buffer requirement not met.
display  D   display_settings.c:357  _al_score_display_settings       [   0.20145] Single Buffer requirement not met.
display  D   display_settings.c:357  _al_score_display_settings       [   0.20146] Single Buffer requirement not met.
display  D   display_settings.c:357  _al_score_display_settings       [   0.20147] Single Buffer requirement not met.
display  D   display_settings.c:357  _al_score_display_settings       [   0.20149] Single Buffer requirement not met.
display  D   display_settings.c:357  _al_score_display_settings       [   0.20152] Single Buffer requirement not met.
display  D   display_settings.c:357  _al_score_display_settings       [   0.20154] Single Buffer requirement not met.
display  D   display_settings.c:357  _al_score_display_settings       [   0.20155] Single Buffer requirement not met.
display  D   display_settings.c:357  _al_score_display_settings       [   0.20156] Single Buffer requirement not met.
display  D   display_settings.c:357  _al_score_display_settings       [   0.20157] Single Buffer requirement not met.
display  D   display_settings.c:357  _al_score_display_settings       [   0.20159] Single Buffer requirement not met.
display  D   display_settings.c:357  _al_score_display_settings       [   0.20160] Single Buffer requirement not met.
display  D   display_settings.c:357  _al_score_display_settings       [   0.20161] Single Buffer requirement not met.
display  D   display_settings.c:357  _al_score_display_settings       [   0.20162] Single Buffer requirement not met.
display  D   display_settings.c:357  _al_score_display_settings       [   0.20164] Single Buffer requirement not met.
display  D   display_settings.c:357  _al_score_display_settings       [   0.20165] Single Buffer requirement not met.
display  D   display_settings.c:357  _al_score_display_settings       [   0.20166] Single Buffer requirement not met.
display  D   display_settings.c:357  _al_score_display_settings       [   0.20168] Single Buffer requirement not met.
display  D   display_settings.c:357  _al_score_display_settings       [   0.20169] Single Buffer requirement not met.
display  D   display_settings.c:357  _al_score_display_settings       [   0.20170] Single Buffer requirement not met.
display  D   display_settings.c:357  _al_score_display_settings       [   0.20171] Single Buffer requirement not met.
display  D   display_settings.c:357  _al_score_display_settings       [   0.20173] Single Buffer requirement not met.
display  D   display_settings.c:357  _al_score_display_settings       [   0.20174] Single Buffer requirement not met.
display  D   display_settings.c:357  _al_score_display_settings       [   0.20175] Single Buffer requirement not met.
display  D   display_settings.c:357  _al_score_display_settings       [   0.20176] Single Buffer requirement not met.
display  D   display_settings.c:357  _al_score_display_settings       [   0.20178] Single Buffer requirement not met.
display  D   display_settings.c:357  _al_score_display_settings       [   0.20180] Single Buffer requirement not met.
display  D   display_settings.c:357  _al_score_display_settings       [   0.20182] Single Buffer requirement not met.
display  D   display_settings.c:357  _al_score_display_settings       [   0.20185] Single Buffer requirement not met.
display  D   display_settings.c:357  _al_score_display_settings       [   0.20188] Single Buffer requirement not met.
display  D   display_settings.c:357  _al_score_display_settings       [   0.20190] Single Buffer requirement not met.
display  D   display_settings.c:357  _al_score_display_settings       [   0.20191] Single Buffer requirement not met.
display  D   display_settings.c:357  _al_score_display_settings       [   0.20193] Single Buffer requirement not met.
display  D   display_settings.c:357  _al_score_display_settings       [   0.20195] Single Buffer requirement not met.
display  D   display_settings.c:357  _al_score_display_settings       [   0.20196] Single Buffer requirement not met.
display  D   display_settings.c:357  _al_score_display_settings       [   0.20197] Single Buffer requirement not met.
display  D   display_settings.c:357  _al_score_display_settings       [   0.20198] Single Buffer requirement not met.
display  D   display_settings.c:357  _al_score_display_settings       [   0.20200] Single Buffer requirement not met.
display  D   display_settings.c:486  _al_score_display_settings       [   0.20201] Score is : 897
display  D   display_settings.c:486  _al_score_display_settings       [   0.20202] Score is : 897
display  D   display_settings.c:486  _al_score_display_settings       [   0.20203] Score is : 897
display  D   display_settings.c:486  _al_score_display_settings       [   0.20205] Score is : 897
display  D   display_settings.c:486  _al_score_display_settings       [   0.20206] Score is : 897
display  D   display_settings.c:486  _al_score_display_settings       [   0.20207] Score is : 897
display  D   display_settings.c:486  _al_score_display_settings       [   0.20208] Score is : 897
display  D   display_settings.c:486  _al_score_display_settings       [   0.20210] Score is : 769
display  D   display_settings.c:486  _al_score_display_settings       [   0.20211] Score is : 737
display  D   display_settings.c:486  _al_score_display_settings       [   0.20212] Score is : 726
display  D   display_settings.c:486  _al_score_display_settings       [   0.20213] Score is : 721
display  D   display_settings.c:486  _al_score_display_settings       [   0.20214] Score is : 717
display  D   display_settings.c:486  _al_score_display_settings       [   0.20216] Score is : 715
display  D   display_settings.c:486  _al_score_display_settings       [   0.20217] Score is : 714
display  D   display_settings.c:486  _al_score_display_settings       [   0.20218] Score is : 713
display  D   display_settings.c:486  _al_score_display_settings       [   0.20220] Score is : 769
display  D   display_settings.c:486  _al_score_display_settings       [   0.20224] Score is : 737
display  D   display_settings.c:486  _al_score_display_settings       [   0.20226] Score is : 726
display  D   display_settings.c:486  _al_score_display_settings       [   0.20227] Score is : 721
display  D   display_settings.c:486  _al_score_display_settings       [   0.20229] Score is : 717
display  D   display_settings.c:486  _al_score_display_settings       [   0.20230] Score is : 715
display  D   display_settings.c:486  _al_score_display_settings       [   0.20232] Score is : 714
display  D   display_settings.c:486  _al_score_display_settings       [   0.20233] Score is : 713
display  D   display_settings.c:486  _al_score_display_settings       [   0.20234] Score is : 769
display  D   display_settings.c:486  _al_score_display_settings       [   0.20235] Score is : 737
display  D   display_settings.c:486  _al_score_display_settings       [   0.20236] Score is : 726
display  D   display_settings.c:486  _al_score_display_settings       [   0.20238] Score is : 721
display  D   display_settings.c:486  _al_score_display_settings       [   0.20239] Score is : 717
display  D   display_settings.c:486  _al_score_display_settings       [   0.20240] Score is : 715
display  D   display_settings.c:486  _al_score_display_settings       [   0.20241] Score is : 714
display  D   display_settings.c:486  _al_score_display_settings       [   0.20242] Score is : 713
display  D   display_settings.c:486  _al_score_display_settings       [   0.20244] Score is : 769
display  D   display_settings.c:486  _al_score_display_settings       [   0.20245] Score is : 737
display  D   display_settings.c:486  _al_score_display_settings       [   0.20246] Score is : 726
display  D   display_settings.c:486  _al_score_display_settings       [   0.20247] Score is : 721
display  D   display_settings.c:486  _al_score_display_settings       [   0.20248] Score is : 717
display  D   display_settings.c:486  _al_score_display_settings       [   0.20250] Score is : 715
display  D   display_settings.c:486  _al_score_display_settings       [   0.20251] Score is : 714
display  D   display_settings.c:486  _al_score_display_settings       [   0.20252] Score is : 713
display  D   display_settings.c:486  _al_score_display_settings       [   0.20254] Score is : 769
display  D   display_settings.c:486  _al_score_display_settings       [   0.20256] Score is : 737
display  D   display_settings.c:486  _al_score_display_settings       [   0.20258] Score is : 726
display  D   display_settings.c:486  _al_score_display_settings       [   0.20262] Score is : 721
display  D   display_settings.c:486  _al_score_display_settings       [   0.20264] Score is : 717
display  D   display_settings.c:486  _al_score_display_settings       [   0.20265] Score is : 715
display  D   display_settings.c:486  _al_score_display_settings       [   0.20267] Score is : 714
display  D   display_settings.c:486  _al_score_display_settings       [   0.20268] Score is : 713
display  D   display_settings.c:486  _al_score_display_settings       [   0.20269] Score is : 769
display  D   display_settings.c:486  _al_score_display_settings       [   0.20270] Score is : 737
display  D   display_settings.c:486  _al_score_display_settings       [   0.20272] Score is : 726
display  D   display_settings.c:486  _al_score_display_settings       [   0.20273] Score is : 721
display  D   display_settings.c:486  _al_score_display_settings       [   0.20275] Score is : 717
display  D   display_settings.c:486  _al_score_display_settings       [   0.20276] Score is : 715
display  D   display_settings.c:486  _al_score_display_settings       [   0.20278] Score is : 714
display  D   display_settings.c:486  _al_score_display_settings       [   0.20281] Score is : 713
display  D   display_settings.c:486  _al_score_display_settings       [   0.20284] Score is : 769
display  D   display_settings.c:486  _al_score_display_settings       [   0.20285] Score is : 737
display  D   display_settings.c:486  _al_score_display_settings       [   0.20287] Score is : 726
display  D   display_settings.c:486  _al_score_display_settings       [   0.20288] Score is : 721
display  D   display_settings.c:486  _al_score_display_settings       [   0.20290] Score is : 717
display  D   display_settings.c:486  _al_score_display_settings       [   0.20291] Score is : 715
display  D   display_settings.c:486  _al_score_display_settings       [   0.20292] Score is : 714
display  D   display_settings.c:486  _al_score_display_settings       [   0.20293] Score is : 713
display  D   display_settings.c:357  _al_score_display_settings       [   0.20294] Single Buffer requirement not met.
display  D   display_settings.c:357  _al_score_display_settings       [   0.20296] Single Buffer requirement not met.
display  D   display_settings.c:357  _al_score_display_settings       [   0.20297] Single Buffer requirement not met.
display  D   display_settings.c:357  _al_score_display_settings       [   0.20298] Single Buffer requirement not met.
display  D   display_settings.c:357  _al_score_display_settings       [   0.20299] Single Buffer requirement not met.
display  D   display_settings.c:357  _al_score_display_settings       [   0.20301] Single Buffer requirement not met.
display  D   display_settings.c:357  _al_score_display_settings       [   0.20303] Single Buffer requirement not met.
display  D   display_settings.c:357  _al_score_display_settings       [   0.20304] Single Buffer requirement not met.
display  D   display_settings.c:357  _al_score_display_settings       [   0.20306] Single Buffer requirement not met.
display  D   display_settings.c:357  _al_score_display_settings       [   0.20310] Single Buffer requirement not met.
display  D   display_settings.c:357  _al_score_display_settings       [   0.20312] Single Buffer requirement not met.
display  D   display_settings.c:357  _al_score_display_settings       [   0.20314] Single Buffer requirement not met.
display  D   display_settings.c:357  _al_score_display_settings       [   0.20316] Single Buffer requirement not met.
display  D   display_settings.c:357  _al_score_display_settings       [   0.20317] Single Buffer requirement not met.
display  D   display_settings.c:357  _al_score_display_settings       [   0.20319] Single Buffer requirement not met.
display  D   display_settings.c:357  _al_score_display_settings       [   0.20321] Single Buffer requirement not met.
display  D   display_settings.c:357  _al_score_display_settings       [   0.20323] Single Buffer requirement not met.
display  D   display_settings.c:357  _al_score_display_settings       [   0.20324] Single Buffer requirement not met.
display  D   display_settings.c:357  _al_score_display_settings       [   0.20326] Single Buffer requirement not met.
display  D   display_settings.c:357  _al_score_display_settings       [   0.20328] Single Buffer requirement not met.
display  D   display_settings.c:357  _al_score_display_settings       [   0.20330] Single Buffer requirement not met.
display  D   display_settings.c:357  _al_score_display_settings       [   0.20331] Single Buffer requirement not met.
display  D   display_settings.c:357  _al_score_display_settings       [   0.20333] Single Buffer requirement not met.
display  D   display_settings.c:357  _al_score_display_settings       [   0.20334] Single Buffer requirement not met.
display  D   display_settings.c:357  _al_score_display_settings       [   0.20335] Single Buffer requirement not met.
display  D   display_settings.c:357  _al_score_display_settings       [   0.20337] Single Buffer requirement not met.
display  D   display_settings.c:357  _al_score_display_settings       [   0.20338] Single Buffer requirement not met.
display  D   display_settings.c:357  _al_score_display_settings       [   0.20340] Single Buffer requirement not met.
display  D   display_settings.c:357  _al_score_display_settings       [   0.20342] Single Buffer requirement not met.
display  D   display_settings.c:357  _al_score_display_settings       [   0.20344] Single Buffer requirement not met.
display  D   display_settings.c:357  _al_score_display_settings       [   0.20348] Single Buffer requirement not met.
display  D   display_settings.c:357  _al_score_display_settings       [   0.20349] Single Buffer requirement not met.
display  D   display_settings.c:357  _al_score_display_settings       [   0.20351] Single Buffer requirement not met.
display  D   display_settings.c:357  _al_score_display_settings       [   0.20353] Single Buffer requirement not met.
display  D   display_settings.c:357  _al_score_display_settings       [   0.20354] Single Buffer requirement not met.
display  D   display_settings.c:357  _al_score_display_settings       [   0.20355] Single Buffer requirement not met.
display  D   display_settings.c:357  _al_score_display_settings       [   0.20357] Single Buffer requirement not met.
display  D   display_settings.c:357  _al_score_display_settings       [   0.20359] Single Buffer requirement not met.
display  D   display_settings.c:357  _al_score_display_settings       [   0.20361] Single Buffer requirement not met.
display  D   display_settings.c:357  _al_score_display_settings       [   0.20365] Single Buffer requirement not met.
display  D   display_settings.c:357  _al_score_display_settings       [   0.20367] Single Buffer requirement not met.
display  D   display_settings.c:357  _al_score_display_settings       [   0.20368] Single Buffer requirement not met.
display  D   display_settings.c:357  _al_score_display_settings       [   0.20370] Single Buffer requirement not met.
display  D   display_settings.c:357  _al_score_display_settings       [   0.20371] Single Buffer requirement not met.
display  D   display_settings.c:357  _al_score_display_settings       [   0.20373] Single Buffer requirement not met.
display  D   display_settings.c:357  _al_score_display_settings       [   0.20374] Single Buffer requirement not met.
display  D   display_settings.c:357  _al_score_display_settings       [   0.20375] Single Buffer requirement not met.
display  D   display_settings.c:357  _al_score_display_settings       [   0.20377] Single Buffer requirement not met.
display  D   display_settings.c:357  _al_score_display_settings       [   0.20379] Single Buffer requirement not met.
display  D   display_settings.c:357  _al_score_display_settings       [   0.20380] Single Buffer requirement not met.
display  D   display_settings.c:357  _al_score_display_settings       [   0.20383] Single Buffer requirement not met.
display  D   display_settings.c:357  _al_score_display_settings       [   0.20386] Single Buffer requirement not met.
display  D   display_settings.c:357  _al_score_display_settings       [   0.20391] Single Buffer requirement not met.
display  D   display_settings.c:357  _al_score_display_settings       [   0.20393] Single Buffer requirement not met.
display  D   display_settings.c:357  _al_score_display_settings       [   0.20394] Single Buffer requirement not met.
display  D   display_settings.c:357  _al_score_display_settings       [   0.20395] Single Buffer requirement not met.
display  D   display_settings.c:357  _al_score_display_settings       [   0.20396] Single Buffer requirement not met.
display  D   display_settings.c:357  _al_score_display_settings       [   0.20398] Single Buffer requirement not met.
display  D   display_settings.c:357  _al_score_display_settings       [   0.20399] Single Buffer requirement not met.
display  D   display_settings.c:357  _al_score_display_settings       [   0.20400] Single Buffer requirement not met.
display  D   display_settings.c:357  _al_score_display_settings       [   0.20402] Single Buffer requirement not met.
display  D   display_settings.c:357  _al_score_display_settings       [   0.20403] Single Buffer requirement not met.
display  D   display_settings.c:357  _al_score_display_settings       [   0.20404] Single Buffer requirement not met.
display  D   display_settings.c:486  _al_score_display_settings       [   0.20405] Score is : 769
display  D   display_settings.c:486  _al_score_display_settings       [   0.20407] Score is : 769
display  D   display_settings.c:486  _al_score_display_settings       [   0.20408] Score is : 769
display  D   display_settings.c:486  _al_score_display_settings       [   0.20409] Score is : 769
display  D   display_settings.c:486  _al_score_display_settings       [   0.20410] Score is : 769
display  D   display_settings.c:486  _al_score_display_settings       [   0.20411] Score is : 769
display  D   display_settings.c:486  _al_score_display_settings       [   0.20419] Score is : 769
display  D   display_settings.c:486  _al_score_display_settings       [   0.20422] Score is : 641
display  D   display_settings.c:486  _al_score_display_settings       [   0.20424] Score is : 609
display  D   display_settings.c:486  _al_score_display_settings       [   0.20426] Score is : 598
display  D   display_settings.c:486  _al_score_display_settings       [   0.20427] Score is : 593
display  D   display_settings.c:486  _al_score_display_settings       [   0.20429] Score is : 589
display  D   display_settings.c:486  _al_score_display_settings       [   0.20430] Score is : 587
display  D   display_settings.c:486  _al_score_display_settings       [   0.20432] Score is : 586
display  D   display_settings.c:486  _al_score_display_settings       [   0.20434] Score is : 585
display  D   display_settings.c:486  _al_score_display_settings       [   0.20435] Score is : 641
display  D   display_settings.c:486  _al_score_display_settings       [   0.20437] Score is : 609
display  D   display_settings.c:486  _al_score_display_settings       [   0.20438] Score is : 598
display  D   display_settings.c:486  _al_score_display_settings       [   0.20439] Score is : 593
display  D   display_settings.c:486  _al_score_display_settings       [   0.20440] Score is : 589
display  D   display_settings.c:486  _al_score_display_settings       [   0.20441] Score is : 587
display  D   display_settings.c:486  _al_score_display_settings       [   0.20443] Score is : 586
display  D   display_settings.c:486  _al_score_display_settings       [   0.20444] Score is : 585
display  D   display_settings.c:486  _al_score_display_settings       [   0.20445] Score is : 641
display  D   display_settings.c:486  _al_score_display_settings       [   0.20446] Score is : 609
display  D   display_settings.c:486  _al_score_display_settings       [   0.20447] Score is : 598
display  D   display_settings.c:486  _al_score_display_settings       [   0.20449] Score is : 593
display  D   display_settings.c:486  _al_score_display_settings       [   0.20450] Score is : 589
display  D   display_settings.c:486  _al_score_display_settings       [   0.20451] Score is : 587
display  D   display_settings.c:486  _al_score_display_settings       [   0.20452] Score is : 586
display  D   display_settings.c:486  _al_score_display_settings       [   0.20454] Score is : 585
display  D   display_settings.c:486  _al_score_display_settings       [   0.20455] Score is : 641
display  D   display_settings.c:486  _al_score_display_settings       [   0.20456] Score is : 609
display  D   display_settings.c:486  _al_score_display_settings       [   0.20457] Score is : 598
display  D   display_settings.c:486  _al_score_display_settings       [   0.20458] Score is : 593
display  D   display_settings.c:486  _al_score_display_settings       [   0.20460] Score is : 589
display  D   display_settings.c:486  _al_score_display_settings       [   0.20461] Score is : 587
display  D   display_settings.c:486  _al_score_display_settings       [   0.20462] Score is : 586
display  D   display_settings.c:486  _al_score_display_settings       [   0.20463] Score is : 585
display  D   display_settings.c:486  _al_score_display_settings       [   0.20464] Score is : 641
display  D   display_settings.c:486  _al_score_display_settings       [   0.20466] Score is : 609
display  D   display_settings.c:486  _al_score_display_settings       [   0.20467] Score is : 598
display  D   display_settings.c:486  _al_score_display_settings       [   0.20468] Score is : 593
display  D   display_settings.c:486  _al_score_display_settings       [   0.20469] Score is : 589
display  D   display_settings.c:486  _al_score_display_settings       [   0.20470] Score is : 587
display  D   display_settings.c:486  _al_score_display_settings       [   0.20472] Score is : 586
display  D   display_settings.c:486  _al_score_display_settings       [   0.20473] Score is : 585
display  D   display_settings.c:486  _al_score_display_settings       [   0.20474] Score is : 641
display  D   display_settings.c:486  _al_score_display_settings       [   0.20475] Score is : 609
display  D   display_settings.c:486  _al_score_display_settings       [   0.20476] Score is : 598
display  D   display_settings.c:486  _al_score_display_settings       [   0.20478] Score is : 593
display  D   display_settings.c:486  _al_score_display_settings       [   0.20479] Score is : 589
display  D   display_settings.c:486  _al_score_display_settings       [   0.20480] Score is : 587
display  D   display_settings.c:486  _al_score_display_settings       [   0.20481] Score is : 586
display  D   display_settings.c:486  _al_score_display_settings       [   0.20482] Score is : 585
display  D   display_settings.c:486  _al_score_display_settings       [   0.20483] Score is : 641
display  D   display_settings.c:486  _al_score_display_settings       [   0.20485] Score is : 609
display  D   display_settings.c:486  _al_score_display_settings       [   0.20486] Score is : 598
display  D   display_settings.c:486  _al_score_display_settings       [   0.20487] Score is : 593
display  D   display_settings.c:486  _al_score_display_settings       [   0.20488] Score is : 589
display  D   display_settings.c:486  _al_score_display_settings       [   0.20489] Score is : 587
display  D   display_settings.c:486  _al_score_display_settings       [   0.20491] Score is : 586
display  D   display_settings.c:486  _al_score_display_settings       [   0.20492] Score is : 585
display  D   display_settings.c:357  _al_score_display_settings       [   0.20493] Single Buffer requirement not met.
display  D   display_settings.c:357  _al_score_display_settings       [   0.20494] Single Buffer requirement not met.
display  D   display_settings.c:357  _al_score_display_settings       [   0.20496] Single Buffer requirement not met.
display  D   display_settings.c:357  _al_score_display_settings       [   0.20497] Single Buffer requirement not met.
display  D   display_settings.c:357  _al_score_display_settings       [   0.20498] Single Buffer requirement not met.
display  D   display_settings.c:357  _al_score_display_settings       [   0.20499] Single Buffer requirement not met.
display  D   display_settings.c:357  _al_score_display_settings       [   0.20501] Single Buffer requirement not met.
display  D   display_settings.c:357  _al_score_display_settings       [   0.20502] Single Buffer requirement not met.
display  D   display_settings.c:357  _al_score_display_settings       [   0.20503] Single Buffer requirement not met.
display  D   display_settings.c:357  _al_score_display_settings       [   0.20505] Single Buffer requirement not met.
display  D   display_settings.c:357  _al_score_display_settings       [   0.20506] Single Buffer requirement not met.
display  D   display_settings.c:357  _al_score_display_settings       [   0.20507] Single Buffer requirement not met.
display  D   display_settings.c:357  _al_score_display_settings       [   0.20508] Single Buffer requirement not met.
display  D   display_settings.c:357  _al_score_display_settings       [   0.20510] Single Buffer requirement not met.
display  D   display_settings.c:357  _al_score_display_settings       [   0.20511] Single Buffer requirement not met.
display  D   display_settings.c:357  _al_score_display_settings       [   0.20512] Single Buffer requirement not met.
display  D   display_settings.c:357  _al_score_display_settings       [   0.20514] Single Buffer requirement not met.
display  D   display_settings.c:357  _al_score_display_settings       [   0.20515] Single Buffer requirement not met.
display  D   display_settings.c:357  _al_score_display_settings       [   0.20516] Single Buffer requirement not met.
display  D   display_settings.c:357  _al_score_display_settings       [   0.20518] Single Buffer requirement not met.
display  D   display_settings.c:357  _al_score_display_settings       [   0.20520] Single Buffer requirement not met.
display  D   display_settings.c:357  _al_score_display_settings       [   0.20521] Single Buffer requirement not met.
display  D   display_settings.c:357  _al_score_display_settings       [   0.20523] Single Buffer requirement not met.
display  D   display_settings.c:357  _al_score_display_settings       [   0.20525] Single Buffer requirement not met.
display  D   display_settings.c:357  _al_score_display_settings       [   0.20527] Single Buffer requirement not met.
display  D   display_settings.c:357  _al_score_display_settings       [   0.20528] Single Buffer requirement not met.
display  D   display_settings.c:357  _al_score_display_settings       [   0.20529] Single Buffer requirement not met.
display  D   display_settings.c:357  _al_score_display_settings       [   0.20530] Single Buffer requirement not met.
display  D   display_settings.c:357  _al_score_display_settings       [   0.20532] Single Buffer requirement not met.
display  D   display_settings.c:357  _al_score_display_settings       [   0.20533] Single Buffer requirement not met.
display  D   display_settings.c:357  _al_score_display_settings       [   0.20534] Single Buffer requirement not met.
display  D   display_settings.c:357  _al_score_display_settings       [   0.20535] Single Buffer requirement not met.
display  D   display_settings.c:357  _al_score_display_settings       [   0.20537] Single Buffer requirement not met.
display  D   display_settings.c:357  _al_score_display_settings       [   0.20538] Single Buffer requirement not met.
display  D   display_settings.c:357  _al_score_display_settings       [   0.20539] Single Buffer requirement not met.
display  D   display_settings.c:357  _al_score_display_settings       [   0.20540] Single Buffer requirement not met.
display  D   display_settings.c:357  _al_score_display_settings       [   0.20542] Single Buffer requirement not met.
display  D   display_settings.c:357  _al_score_display_settings       [   0.20543] Single Buffer requirement not met.
display  D   display_settings.c:357  _al_score_display_settings       [   0.20544] Single Buffer requirement not met.
display  D   display_settings.c:357  _al_score_display_settings       [   0.20546] Single Buffer requirement not met.
display  D   display_settings.c:357  _al_score_display_settings       [   0.20547] Single Buffer requirement not met.
display  D   display_settings.c:357  _al_score_display_settings       [   0.20548] Single Buffer requirement not met.
display  D   display_settings.c:357  _al_score_display_settings       [   0.20550] Single Buffer requirement not met.
display  D   display_settings.c:357  _al_score_display_settings       [   0.20551] Single Buffer requirement not met.
display  D   display_settings.c:357  _al_score_display_settings       [   0.20552] Single Buffer requirement not met.
display  D   display_settings.c:357  _al_score_display_settings       [   0.20553] Single Buffer requirement not met.
display  D   display_settings.c:357  _al_score_display_settings       [   0.20555] Single Buffer requirement not met.
display  D   display_settings.c:357  _al_score_display_settings       [   0.20556] Single Buffer requirement not met.
display  D   display_settings.c:357  _al_score_display_settings       [   0.20557] Single Buffer requirement not met.
display  D   display_settings.c:357  _al_score_display_settings       [   0.20558] Single Buffer requirement not met.
display  D   display_settings.c:357  _al_score_display_settings       [   0.20560] Single Buffer requirement not met.
display  D   display_settings.c:357  _al_score_display_settings       [   0.20561] Single Buffer requirement not met.
display  D   display_settings.c:357  _al_score_display_settings       [   0.20562] Single Buffer requirement not met.
display  D   display_settings.c:357  _al_score_display_settings       [   0.20564] Single Buffer requirement not met.
display  D   display_settings.c:357  _al_score_display_settings       [   0.20565] Single Buffer requirement not met.
display  D   display_settings.c:357  _al_score_display_settings       [   0.20566] Single Buffer requirement not met.
display  D   display_settings.c:357  _al_score_display_settings       [   0.20567] Single Buffer requirement not met.
display  D   display_settings.c:357  _al_score_display_settings       [   0.20569] Single Buffer requirement not met.
display  D   display_settings.c:357  _al_score_display_settings       [   0.20570] Single Buffer requirement not met.
display  D   display_settings.c:357  _al_score_display_settings       [   0.20571] Single Buffer requirement not met.
display  D   display_settings.c:357  _al_score_display_settings       [   0.20572] Single Buffer requirement not met.
display  D   display_settings.c:357  _al_score_display_settings       [   0.20574] Single Buffer requirement not met.
display  D   display_settings.c:357  _al_score_display_settings       [   0.20575] Single Buffer requirement not met.
display  D   display_settings.c:197  _al_score_display_settings       [   0.20576] Display not compatible with Allegro.
display  D   display_settings.c:197  _al_score_display_settings       [   0.20577] Display not compatible with Allegro.
display  D   display_settings.c:197  _al_score_display_settings       [   0.20579] Display not compatible with Allegro.
display  D   display_settings.c:197  _al_score_display_settings       [   0.20580] Display not compatible with Allegro.
display  D   display_settings.c:197  _al_score_display_settings       [   0.20581] Display not compatible with Allegro.
display  D   display_settings.c:197  _al_score_display_settings       [   0.20582] Display not compatible with Allegro.
display  D   display_settings.c:197  _al_score_display_settings       [   0.20584] Display not compatible with Allegro.
display  D   display_settings.c:197  _al_score_display_settings       [   0.20585] Display not compatible with Allegro.
display  D   display_settings.c:197  _al_score_display_settings       [   0.20586] Display not compatible with Allegro.
display  D   display_settings.c:197  _al_score_display_settings       [   0.20587] Display not compatible with Allegro.
display  D   display_settings.c:197  _al_score_display_settings       [   0.20589] Display not compatible with Allegro.
display  D   display_settings.c:197  _al_score_display_settings       [   0.20590] Display not compatible with Allegro.
display  D   display_settings.c:197  _al_score_display_settings       [   0.20591] Display not compatible with Allegro.
display  D   display_settings.c:197  _al_score_display_settings       [   0.20593] Display not compatible with Allegro.
d3d      D         d3d_disp.cpp:1836 d3d_create_display_internals     [   0.20605] Trying format 0 of 428.
d3d      I         d3d_disp.cpp:1514 d3d_display_thread_proc          [   0.20698] Chose a display format: 23
d3d      I         d3d_disp.cpp:1583 d3d_display_thread_proc          [   0.20702] Normal window.
d3d      I         d3d_disp.cpp:978  d3d_create_device                [   0.22517] Using no depth stencil buffer
d3d      D         d3d_disp.cpp:1058 d3d_create_device                [   0.27789] BeginScene succeeded in create_device
d3d      D         d3d_disp.cpp:1066 d3d_create_device                [   0.27794] Success
d3d      D         d3d_disp.cpp:1859 d3d_create_display_internals     [   0.27802] Resumed after wait.
d3d      I         d3d_disp.cpp:1884 d3d_create_display_internals     [   0.27829] Format 0 succeeded.
dtor     D               dtor.c:184  _al_register_destructor          [   0.30350] added dtor for object 038D4868, func 537E193D
d3d      D         d3d_disp.cpp:1354 real_choose_bitmap_format        [   0.30830] Fake format
d3d      D         d3d_disp.cpp:1354 real_choose_bitmap_format        [   0.30834] Fake format
d3d      D         d3d_disp.cpp:1354 real_choose_bitmap_format        [   0.30835] Fake format
d3d      D         d3d_disp.cpp:1354 real_choose_bitmap_format        [   0.30837] Fake format
d3d      D         d3d_disp.cpp:1354 real_choose_bitmap_format        [   0.30838] Fake format
d3d      D         d3d_disp.cpp:1354 real_choose_bitmap_format        [   0.30840] Fake format
d3d      D         d3d_disp.cpp:1354 real_choose_bitmap_format        [   0.30842] Fake format
d3d      D         d3d_disp.cpp:1354 real_choose_bitmap_format        [   0.30843] Fake format
d3d      D         d3d_disp.cpp:1354 real_choose_bitmap_format        [   0.30845] Fake format
d3d      D         d3d_disp.cpp:1362 real_choose_bitmap_format        [   0.30846] Alpha doesn't match
d3d      D         d3d_disp.cpp:1369 real_choose_bitmap_format        [   0.30848] Adapter format is 23
d3d      D         d3d_disp.cpp:1372 real_choose_bitmap_format        [   0.30850] Found a format
d3d      I         d3d_disp.cpp:2446 _al_d3d_create_bitmap            [   0.30851] Chose bitmap format 9
dtor     D               dtor.c:184  _al_register_destructor          [   0.31049] added dtor for object 038DB598, func 537E27A7
d3d      D          d3d_bmp.cpp:457  _al_d3d_sync_bitmap              [   0.34252] _al_d3d_sync_bitmap (system) ref count == 1
d3d      D          d3d_bmp.cpp:462  _al_d3d_sync_bitmap              [   0.34257] _al_d3d_sync_bitmap (video) ref count == 1
font     D                ttf.c:560  al_load_ttf_font_f               [   0.36429] Font TELE2.ttf loaded with pixel size 40.
font     D                ttf.c:562  al_load_ttf_font_f               [   0.36435]     ascent=25.0, descent=-12.0, height=37.0
font     D                ttf.c:591  al_load_ttf_font_f               [   0.36439] TELE2.ttf: Preparing cache for 96 glyphs.
dtor     D               dtor.c:184  _al_register_destructor          [   0.36441] added dtor for object 038DD930, func 537E1D8E
d3d      D         d3d_disp.cpp:1354 real_choose_bitmap_format        [   0.39883] Fake format
d3d      D         d3d_disp.cpp:1354 real_choose_bitmap_format        [   0.39886] Fake format
d3d      D         d3d_disp.cpp:1354 real_choose_bitmap_format        [   0.39887] Fake format
d3d      D         d3d_disp.cpp:1354 real_choose_bitmap_format        [   0.39888] Fake format
d3d      D         d3d_disp.cpp:1354 real_choose_bitmap_format        [   0.39889] Fake format
d3d      D         d3d_disp.cpp:1354 real_choose_bitmap_format        [   0.39890] Fake format
d3d      D         d3d_disp.cpp:1354 real_choose_bitmap_format        [   0.39891] Fake format
d3d      D         d3d_disp.cpp:1354 real_choose_bitmap_format        [   0.39892] Fake format
d3d      D         d3d_disp.cpp:1354 real_choose_bitmap_format        [   0.39893] Fake format
d3d      D         d3d_disp.cpp:1362 real_choose_bitmap_format        [   0.39894] Alpha doesn't match
d3d      D         d3d_disp.cpp:1369 real_choose_bitmap_format        [   0.39895] Adapter format is 23
d3d      D         d3d_disp.cpp:1372 real_choose_bitmap_format        [   0.39896] Found a format
d3d      I         d3d_disp.cpp:2446 _al_d3d_create_bitmap            [   0.39898] Chose bitmap format 9
d3d      D          d3d_bmp.cpp:457  _al_d3d_sync_bitmap              [   0.42203] _al_d3d_sync_bitmap (system) ref count == 1
d3d      D          d3d_bmp.cpp:462  _al_d3d_sync_bitmap              [   0.42208] _al_d3d_sync_bitmap (video) ref count == 2
d3d      D          d3d_bmp.cpp:457  _al_d3d_sync_bitmap              [   0.42646] _al_d3d_sync_bitmap (system) ref count == 1
d3d      D          d3d_bmp.cpp:462  _al_d3d_sync_bitmap              [   0.42648] _al_d3d_sync_bitmap (video) ref count == 2
d3d      D          d3d_bmp.cpp:457  _al_d3d_sync_bitmap              [   0.42697] _al_d3d_sync_bitmap (system) ref count == 1
d3d      D          d3d_bmp.cpp:462  _al_d3d_sync_bitmap              [   0.42700] _al_d3d_sync_bitmap (video) ref count == 2
d3d      D          d3d_bmp.cpp:457  _al_d3d_sync_bitmap              [   0.42746] _al_d3d_sync_bitmap (system) ref count == 1
d3d      D          d3d_bmp.cpp:462  _al_d3d_sync_bitmap              [   0.42749] _al_d3d_sync_bitmap (video) ref count == 2
d3d      D          d3d_bmp.cpp:457  _al_d3d_sync_bitmap              [   0.42798] _al_d3d_sync_bitmap (system) ref count == 1
d3d      D          d3d_bmp.cpp:462  _al_d3d_sync_bitmap              [   0.42809] _al_d3d_sync_bitmap (video) ref count == 2
d3d      D          d3d_bmp.cpp:457  _al_d3d_sync_bitmap              [   0.42874] _al_d3d_sync_bitmap (system) ref count == 1
d3d      D          d3d_bmp.cpp:462  _al_d3d_sync_bitmap              [   0.42877] _al_d3d_sync_bitmap (video) ref count == 2
d3d      D          d3d_bmp.cpp:457  _al_d3d_sync_bitmap              [   0.42929] _al_d3d_sync_bitmap (system) ref count == 1
d3d      D          d3d_bmp.cpp:462  _al_d3d_sync_bitmap              [   0.42932] _al_d3d_sync_bitmap (video) ref count == 2
d3d      D          d3d_bmp.cpp:457  _al_d3d_sync_bitmap              [   0.43000] _al_d3d_sync_bitmap (system) ref count == 1
d3d      D          d3d_bmp.cpp:462  _al_d3d_sync_bitmap              [   0.43003] _al_d3d_sync_bitmap (video) ref count == 2
d3d      D          d3d_bmp.cpp:457  _al_d3d_sync_bitmap              [   0.43055] _al_d3d_sync_bitmap (system) ref count == 1
d3d      D          d3d_bmp.cpp:462  _al_d3d_sync_bitmap              [   0.43065] _al_d3d_sync_bitmap (video) ref count == 2
d3d      D          d3d_bmp.cpp:457  _al_d3d_sync_bitmap              [   0.43121] _al_d3d_sync_bitmap (system) ref count == 1
d3d      D          d3d_bmp.cpp:462  _al_d3d_sync_bitmap              [   0.43124] _al_d3d_sync_bitmap (video) ref count == 2
d3d      D          d3d_bmp.cpp:457  _al_d3d_sync_bitmap              [   0.43166] _al_d3d_sync_bitmap (system) ref count == 1
d3d      D          d3d_bmp.cpp:462  _al_d3d_sync_bitmap              [   0.43169] _al_d3d_sync_bitmap (video) ref count == 2
d3d      D          d3d_bmp.cpp:457  _al_d3d_sync_bitmap              [   0.43219] _al_d3d_sync_bitmap (system) ref count == 1
d3d      D          d3d_bmp.cpp:462  _al_d3d_sync_bitmap              [   0.43228] _al_d3d_sync_bitmap (video) ref count == 1
d3d      D          d3d_bmp.cpp:457  _al_d3d_sync_bitmap              [   0.43608] _al_d3d_sync_bitmap (system) ref count == 1
d3d      D          d3d_bmp.cpp:462  _al_d3d_sync_bitmap              [   0.43614] _al_d3d_sync_bitmap (video) ref count == 2
bitmap   D             bitmap.c:822  _al_convert_to_memory_bitmap     [   1.72648] converting display bitmap 038DFED8 to memory bitmap
d3d      D          d3d_bmp.cpp:457  _al_d3d_sync_bitmap              [   1.72715] _al_d3d_sync_bitmap (system) ref count == 1
d3d      D          d3d_bmp.cpp:462  _al_d3d_sync_bitmap              [   1.72721] _al_d3d_sync_bitmap (video) ref count == 2
d3d      W          d3d_bmp.cpp:677  d3d_destroy_bitmap               [   1.72775] d3d_destroy_bitmap: Release video texture failed.
bitmap   D             bitmap.c:822  _al_convert_to_memory_bitmap     [   1.72865] converting display bitmap 038DB598 to memory bitmap
d3d      D          d3d_bmp.cpp:457  _al_d3d_sync_bitmap              [   1.73064] _al_d3d_sync_bitmap (system) ref count == 1
d3d      D          d3d_bmp.cpp:462  _al_d3d_sync_bitmap              [   1.73069] _al_d3d_sync_bitmap (video) ref count == 1
d3d      W         d3d_disp.cpp:798  d3d_destroy_device               [   1.74852] d3d_destroy_device: ref count not 0
d3d      I         d3d_disp.cpp:1705 d3d_display_thread_proc          [   1.78833] d3d display thread exits
dtor     D               dtor.c:214  _al_unregister_destructor        [   1.79987] removed dtor for object 002CD0A8
dtor     D               dtor.c:214  _al_unregister_destructor        [   1.79993] removed dtor for object 038DB598
dtor     D               dtor.c:214  _al_unregister_destructor        [   1.80032] removed dtor for object 038DD930
dtor     D               dtor.c:114  _al_run_destructors              [   1.80066] calling dtor for object 038D4868, func 537E193D
dtor     D               dtor.c:214  _al_unregister_destructor        [   1.80068] removed dtor for object 038D4868
dtor     D               dtor.c:214  _al_unregister_destructor        [   1.80178] removed dtor for object 002C6AD0
dtor     D               dtor.c:214  _al_unregister_destructor        [   1.80181] removed dtor for object 002C6840
dtor     D               dtor.c:214  _al_unregister_destructor        [   1.80182] removed dtor for object 002C8F58
dtor     D               dtor.c:214  _al_unregister_destructor        [   1.80184] removed dtor for object 002C65B8
dtor     D               dtor.c:214  _al_unregister_destructor        [   1.80383] removed dtor for object 002C1C08
